<?xml version="1.0" encoding="UTF-8"?>
<robot generator="Robot 3.1.2 (Python 3.6.8 on win32)" generated="20201014 10:03:23.954" rpa="false">
<suite id="s1" name="Activate Variable">
<kw name="Create Session" library="RequestsLibrary" type="setup">
<doc>Create Session: create a HTTP session to a server</doc>
<arguments>
<arg>localenv</arg>
<arg>http://127.0.0.1:5000/v2</arg>
</arguments>
<msg timestamp="20201014 10:03:24.164" level="INFO">Creating Session using : alias=localenv, url=http://127.0.0.1:5000/v2, headers={},                     cookies={}, auth=None, timeout=None, proxies=None, verify=False,                     debug=0 </msg>
<status status="PASS" starttime="20201014 10:03:24.163" endtime="20201014 10:03:24.164"></status>
</kw>
<test id="s1-t1" name="simple send get request">
<kw name="Get Request" library="RequestsLibrary">
<doc>Send a GET request on the session object found using the
given `alias`</doc>
<arguments>
<arg>localenv</arg>
<arg>/user/logout</arg>
</arguments>
<assign>
<var>${resp}</var>
</assign>
<msg timestamp="20201014 10:03:24.166" level="INFO">GET Request using : uri=/user/logout, params=None, allow_redirects=True, timeout=None
headers={'User-Agent': 'python-requests/2.22.0', 'Accept-Encoding': 'gzip, deflate', 'Accept': '*/*', 'Connection': 'keep-alive'} 
data=None 
json=None</msg>
<msg timestamp="20201014 10:03:24.179" level="INFO">${resp} = &lt;Response [401]&gt;</msg>
<status status="PASS" starttime="20201014 10:03:24.165" endtime="20201014 10:03:24.179"></status>
</kw>
<kw name="Log" library="BuiltIn">
<doc>Logs the given message with the given level.</doc>
<arguments>
<arg>${resp.json()}</arg>
</arguments>
<msg timestamp="20201014 10:03:24.179" level="INFO">{'msg': 'Missing Authorization Header'}</msg>
<status status="PASS" starttime="20201014 10:03:24.179" endtime="20201014 10:03:24.179"></status>
</kw>
<kw name="Assert Equal" library="asserts">
<doc>Fail if given objects are unequal as determined by the '==' operator.</doc>
<arguments>
<arg>${resp.status_code}</arg>
<arg>401</arg>
</arguments>
<status status="PASS" starttime="20201014 10:03:24.180" endtime="20201014 10:03:24.180"></status>
</kw>
<tags>
<tag>smoke</tag>
</tags>
<status status="PASS" starttime="20201014 10:03:24.164" endtime="20201014 10:03:24.180" critical="yes"></status>
</test>
<status status="PASS" starttime="20201014 10:03:23.957" endtime="20201014 10:03:24.181"></status>
</suite>
<statistics>
<total>
<stat pass="1" fail="0">Critical Tests</stat>
<stat pass="1" fail="0">All Tests</stat>
</total>
<tag>
<stat pass="1" fail="0">smoke</stat>
</tag>
<suite>
<stat pass="1" fail="0" id="s1" name="Activate Variable">Activate Variable</stat>
</suite>
</statistics>
<errors>
</errors>
</robot>
